Determining if the include file pthread.h exists failed with the following output:
Change Dir: C:/workspace/GitHub/vendor/googletest-1.8.1/build/CMakeFiles/CMakeTmp

Run Build Command:"C:/Program Files (x86)/Microsoft Visual Studio/2017/Community/MSBuild/15.0/Bin/MSBuild.exe" "cmTC_20d04.vcxproj" "/p:Configuration=Debug" "/p:VisualStudioVersion=15.0"
.NET Framework 向け Microsoft (R) Build Engine バージョン 15.8.168+ga8fba1ebd7
Copyright (C) Microsoft Corporation.All rights reserved.

2018/09/16 0:17:19 にビルドを開始しました。
ノード 1 上のプロジェクト "C:\workspace\GitHub\vendor\googletest-1.8.1\build\CMakeFiles\CMakeTmp\cmTC_20d04.vcxproj" (既定のターゲット)。
PrepareForBuild:
  ディレクトリ "cmTC_20d04.dir\Debug\" を作成しています。
  ディレクトリ "C:\workspace\GitHub\vendor\googletest-1.8.1\build\CMakeFiles\CMakeTmp\Debug\" を作成しています。
  ディレクトリ "cmTC_20d04.dir\Debug\cmTC_20d04.tlog\" を作成しています。
InitializeBuildStatus:
  "AlwaysCreate" が指定されたため "cmTC_20d04.dir\Debug\cmTC_20d04.tlog\unsuccessfulbuild" を作成しています。
ClCompile:
  C:\Program Files (x86)\Microsoft Visual Studio\2017\Community\VC\Tools\MSVC\14.15.26726\bin\HostX86\x86\CL.exe /c /Zi /W3 /WX- /diagnostics:classic /Od /Ob0 /Oy- /D WIN32 /D _WINDOWS /D "CMAKE_INTDIR=\"Debug\"" /D _MBCS /Gm- /RTC1 /MDd /GS /fp:precise /Zc:wchar_t /Zc:forScope /Zc:inline /Fo"cmTC_20d04.dir\Debug\\" /Fd"cmTC_20d04.dir\Debug\vc141.pdb" /Gd /TC /analyze- /FC /errorReport:queue "C:\workspace\GitHub\vendor\googletest-1.8.1\build\CMakeFiles\CMakeTmp\CheckIncludeFile.c"
  Microsoft(R) C/C++ Optimizing Compiler Version 19.15.26729 for x86
  Copyright (C) Microsoft Corporation.  All rights reserved.
  
  cl /c /Zi /W3 /WX- /diagnostics:classic /Od /Ob0 /Oy- /D WIN32 /D _WINDOWS /D "CMAKE_INTDIR=\"Debug\"" /D _MBCS /Gm- /RTC1 /MDd /GS /fp:precise /Zc:wchar_t /Zc:forScope /Zc:inline /Fo"cmTC_20d04.dir\Debug\\" /Fd"cmTC_20d04.dir\Debug\vc141.pdb" /Gd /TC /analyze- /FC /errorReport:queue "C:\workspace\GitHub\vendor\googletest-1.8.1\build\CMakeFiles\CMakeTmp\CheckIncludeFile.c"
  CheckIncludeFile.c
  
c:\workspace\github\vendor\googletest-1.8.1\build\cmakefiles\cmaketmp\checkincludefile.c(1): fatal error C1083: include ファイルを開けません。'pthread.h':No such file or directory [C:\workspace\GitHub\vendor\googletest-1.8.1\build\CMakeFiles\CMakeTmp\cmTC_20d04.vcxproj]
プロジェクト "C:\workspace\GitHub\vendor\googletest-1.8.1\build\CMakeFiles\CMakeTmp\cmTC_20d04.vcxproj" (既定のターゲット) のビルドが終了しました -- 失敗。

ビルドに失敗しました。

"C:\workspace\GitHub\vendor\googletest-1.8.1\build\CMakeFiles\CMakeTmp\cmTC_20d04.vcxproj" (既定のターゲット) (1) ->
(ClCompile ターゲット) -> 
  c:\workspace\github\vendor\googletest-1.8.1\build\cmakefiles\cmaketmp\checkincludefile.c(1): fatal error C1083: include ファイルを開けません。'pthread.h':No such file or directory [C:\workspace\GitHub\vendor\googletest-1.8.1\build\CMakeFiles\CMakeTmp\cmTC_20d04.vcxproj]

    0 個の警告
    1 エラー

経過時間 00:00:00.70


